[15-Feb-2025 11:12:36 UTC] PHP Fatal error:  Uncaught PDOException: SQLSTATE[HY000] [2002] No such file or directory in /var/www/html/test-pradiep/php/q5/worker.php:27
Stack trace:
#0 /var/www/html/test-pradiep/php/q5/worker.php(27): PDO->__construct('mysql:host=loca...', 'user', Object(SensitiveParameterValue), Array)
#1 {main}
  thrown in /var/www/html/test-pradiep/php/q5/worker.php on line 27
[15-Feb-2025 11:14:15 UTC] PHP Fatal error:  Uncaught PDOException: SQLSTATE[HY000] [2002] No such file or directory in /var/www/html/test-pradiep/php/q5/worker.php:27
Stack trace:
#0 /var/www/html/test-pradiep/php/q5/worker.php(27): PDO->__construct('mysql:host=loca...', 'user', Object(SensitiveParameterValue), Array)
#1 {main}
  thrown in /var/www/html/test-pradiep/php/q5/worker.php on line 27
[15-Feb-2025 11:16:44 UTC] Database connection failed: SQLSTATE[HY000] [1045] Access denied for user 'your_username'@'localhost' (using password: YES)
[15-Feb-2025 11:19:42 UTC] PHP Warning:  Undefined variable $jobId in /var/www/html/test-pradiep/php/q5/worker.php on line 108
[15-Feb-2025 11:19:42 UTC] Error processing job : Error while reading line from the server. [tcp://localhost:6379]
[15-Feb-2025 11:20:42 UTC] PHP Warning:  Undefined variable $jobId in /var/www/html/test-pradiep/php/q5/worker.php on line 108
[15-Feb-2025 11:20:42 UTC] Error processing job : Error while reading line from the server. [tcp://localhost:6379]
[15-Feb-2025 11:21:42 UTC] PHP Warning:  Undefined variable $jobId in /var/www/html/test-pradiep/php/q5/worker.php on line 108
[15-Feb-2025 11:21:42 UTC] Error processing job : Error while reading line from the server. [tcp://localhost:6379]
[15-Feb-2025 11:22:42 UTC] PHP Warning:  Undefined variable $jobId in /var/www/html/test-pradiep/php/q5/worker.php on line 108
[15-Feb-2025 11:22:42 UTC] Error processing job : Error while reading line from the server. [tcp://localhost:6379]
[15-Feb-2025 11:23:42 UTC] PHP Warning:  Undefined variable $jobId in /var/www/html/test-pradiep/php/q5/worker.php on line 108
[15-Feb-2025 11:23:42 UTC] Error processing job : Error while reading line from the server. [tcp://localhost:6379]
[15-Feb-2025 11:25:23 UTC] Error processing job: Error while reading line from the server. [tcp://localhost:6379]
[15-Feb-2025 11:26:23 UTC] Error processing job: Error while reading line from the server. [tcp://localhost:6379]
[15-Feb-2025 11:27:23 UTC] Error processing job: Error while reading line from the server. [tcp://localhost:6379]
[15-Feb-2025 11:28:23 UTC] Error processing job: Error while reading line from the server. [tcp://localhost:6379]
